/Users/manun/Library/Python/3.9/lib/python/site-packages/urllib3/__init__.py:35: NotOpenSSLWarning: urllib3 v2 only supports OpenSSL 1.1.1+, currently the 'ssl' module is compiled with 'LibreSSL 2.8.3'. See: https://github.com/urllib3/urllib3/issues/3020
  warnings.warn(
2026-04-15 00:43:11,577 - INFO - Bot process started with PID: 93245
2026-04-15 00:45:32,696 - INFO - DEBUG: Received /start from 1131496447
2026-04-15 00:56:22,268 (__init__.py:1241 MainThread) ERROR - TeleBot: "Threaded polling exception: A request to the Telegram API was unsuccessful. Error code: 409. Description: Conflict: terminated by other getUpdates request; make sure that only one bot instance is running"
2026-04-15 00:56:22,268 - ERROR - Threaded polling exception: A request to the Telegram API was unsuccessful. Error code: 409. Description: Conflict: terminated by other getUpdates request; make sure that only one bot instance is running
2026-04-15 00:56:22,268 (__init__.py:1243 MainThread) ERROR - TeleBot: "Exception traceback:
Traceback (most recent call last):
  File "/Users/manun/Library/Python/3.9/lib/python/site-packages/telebot/__init__.py", line 1234, in __threaded_polling
    polling_thread.raise_exceptions()
  File "/Users/manun/Library/Python/3.9/lib/python/site-packages/telebot/util.py", line 115, in raise_exceptions
    raise self.exception_info
  File "/Users/manun/Library/Python/3.9/lib/python/site-packages/telebot/util.py", line 97, in run
    task(*args, **kwargs)
  File "/Users/manun/Library/Python/3.9/lib/python/site-packages/telebot/__init__.py", line 688, in __retrieve_updates
    updates = self.get_updates(offset=(self.last_update_id + 1),
  File "/Users/manun/Library/Python/3.9/lib/python/site-packages/telebot/__init__.py", line 660, in get_updates
    json_updates = apihelper.get_updates(
  File "/Users/manun/Library/Python/3.9/lib/python/site-packages/telebot/apihelper.py", line 339, in get_updates
    return _make_request(token, method_url, params=payload)
  File "/Users/manun/Library/Python/3.9/lib/python/site-packages/telebot/apihelper.py", line 168, in _make_request
    json_result = _check_result(method_name, result)
  File "/Users/manun/Library/Python/3.9/lib/python/site-packages/telebot/apihelper.py", line 197, in _check_result
    raise ApiTelegramException(method_name, result, result_json)
telebot.apihelper.ApiTelegramException: A request to the Telegram API was unsuccessful. Error code: 409. Description: Conflict: terminated by other getUpdates request; make sure that only one bot instance is running
"
2026-04-15 00:56:22,268 - ERROR - Exception traceback:
Traceback (most recent call last):
  File "/Users/manun/Library/Python/3.9/lib/python/site-packages/telebot/__init__.py", line 1234, in __threaded_polling
    polling_thread.raise_exceptions()
  File "/Users/manun/Library/Python/3.9/lib/python/site-packages/telebot/util.py", line 115, in raise_exceptions
    raise self.exception_info
  File "/Users/manun/Library/Python/3.9/lib/python/site-packages/telebot/util.py", line 97, in run
    task(*args, **kwargs)
  File "/Users/manun/Library/Python/3.9/lib/python/site-packages/telebot/__init__.py", line 688, in __retrieve_updates
    updates = self.get_updates(offset=(self.last_update_id + 1),
  File "/Users/manun/Library/Python/3.9/lib/python/site-packages/telebot/__init__.py", line 660, in get_updates
    json_updates = apihelper.get_updates(
  File "/Users/manun/Library/Python/3.9/lib/python/site-packages/telebot/apihelper.py", line 339, in get_updates
    return _make_request(token, method_url, params=payload)
  File "/Users/manun/Library/Python/3.9/lib/python/site-packages/telebot/apihelper.py", line 168, in _make_request
    json_result = _check_result(method_name, result)
  File "/Users/manun/Library/Python/3.9/lib/python/site-packages/telebot/apihelper.py", line 197, in _check_result
    raise ApiTelegramException(method_name, result, result_json)
telebot.apihelper.ApiTelegramException: A request to the Telegram API was unsuccessful. Error code: 409. Description: Conflict: terminated by other getUpdates request; make sure that only one bot instance is running

2026-04-15 00:56:25,920 (__init__.py:1241 MainThread) ERROR - TeleBot: "Threaded polling exception: A request to the Telegram API was unsuccessful. Error code: 409. Description: Conflict: terminated by other getUpdates request; make sure that only one bot instance is running"
2026-04-15 00:56:25,920 - ERROR - Threaded polling exception: A request to the Telegram API was unsuccessful. Error code: 409. Description: Conflict: terminated by other getUpdates request; make sure that only one bot instance is running
2026-04-15 00:56:25,921 (__init__.py:1243 MainThread) ERROR - TeleBot: "Exception traceback:
Traceback (most recent call last):
  File "/Users/manun/Library/Python/3.9/lib/python/site-packages/telebot/__init__.py", line 1234, in __threaded_polling
    polling_thread.raise_exceptions()
  File "/Users/manun/Library/Python/3.9/lib/python/site-packages/telebot/util.py", line 115, in raise_exceptions
    raise self.exception_info
  File "/Users/manun/Library/Python/3.9/lib/python/site-packages/telebot/util.py", line 97, in run
    task(*args, **kwargs)
  File "/Users/manun/Library/Python/3.9/lib/python/site-packages/telebot/__init__.py", line 688, in __retrieve_updates
    updates = self.get_updates(offset=(self.last_update_id + 1),
  File "/Users/manun/Library/Python/3.9/lib/python/site-packages/telebot/__init__.py", line 660, in get_updates
    json_updates = apihelper.get_updates(
  File "/Users/manun/Library/Python/3.9/lib/python/site-packages/telebot/apihelper.py", line 339, in get_updates
    return _make_request(token, method_url, params=payload)
  File "/Users/manun/Library/Python/3.9/lib/python/site-packages/telebot/apihelper.py", line 168, in _make_request
    json_result = _check_result(method_name, result)
  File "/Users/manun/Library/Python/3.9/lib/python/site-packages/telebot/apihelper.py", line 197, in _check_result
    raise ApiTelegramException(method_name, result, result_json)
telebot.apihelper.ApiTelegramException: A request to the Telegram API was unsuccessful. Error code: 409. Description: Conflict: terminated by other getUpdates request; make sure that only one bot instance is running
"
2026-04-15 00:56:25,921 - ERROR - Exception traceback:
Traceback (most recent call last):
  File "/Users/manun/Library/Python/3.9/lib/python/site-packages/telebot/__init__.py", line 1234, in __threaded_polling
    polling_thread.raise_exceptions()
  File "/Users/manun/Library/Python/3.9/lib/python/site-packages/telebot/util.py", line 115, in raise_exceptions
    raise self.exception_info
  File "/Users/manun/Library/Python/3.9/lib/python/site-packages/telebot/util.py", line 97, in run
    task(*args, **kwargs)
  File "/Users/manun/Library/Python/3.9/lib/python/site-packages/telebot/__init__.py", line 688, in __retrieve_updates
    updates = self.get_updates(offset=(self.last_update_id + 1),
  File "/Users/manun/Library/Python/3.9/lib/python/site-packages/telebot/__init__.py", line 660, in get_updates
    json_updates = apihelper.get_updates(
  File "/Users/manun/Library/Python/3.9/lib/python/site-packages/telebot/apihelper.py", line 339, in get_updates
    return _make_request(token, method_url, params=payload)
  File "/Users/manun/Library/Python/3.9/lib/python/site-packages/telebot/apihelper.py", line 168, in _make_request
    json_result = _check_result(method_name, result)
  File "/Users/manun/Library/Python/3.9/lib/python/site-packages/telebot/apihelper.py", line 197, in _check_result
    raise ApiTelegramException(method_name, result, result_json)
telebot.apihelper.ApiTelegramException: A request to the Telegram API was unsuccessful. Error code: 409. Description: Conflict: terminated by other getUpdates request; make sure that only one bot instance is running

2026-04-15 00:56:30,090 (__init__.py:1241 MainThread) ERROR - TeleBot: "Threaded polling exception: A request to the Telegram API was unsuccessful. Error code: 409. Description: Conflict: terminated by other getUpdates request; make sure that only one bot instance is running"
2026-04-15 00:56:30,090 - ERROR - Threaded polling exception: A request to the Telegram API was unsuccessful. Error code: 409. Description: Conflict: terminated by other getUpdates request; make sure that only one bot instance is running
2026-04-15 00:56:30,090 (__init__.py:1243 MainThread) ERROR - TeleBot: "Exception traceback:
Traceback (most recent call last):
  File "/Users/manun/Library/Python/3.9/lib/python/site-packages/telebot/__init__.py", line 1234, in __threaded_polling
    polling_thread.raise_exceptions()
  File "/Users/manun/Library/Python/3.9/lib/python/site-packages/telebot/util.py", line 115, in raise_exceptions
    raise self.exception_info
  File "/Users/manun/Library/Python/3.9/lib/python/site-packages/telebot/util.py", line 97, in run
    task(*args, **kwargs)
  File "/Users/manun/Library/Python/3.9/lib/python/site-packages/telebot/__init__.py", line 688, in __retrieve_updates
    updates = self.get_updates(offset=(self.last_update_id + 1),
  File "/Users/manun/Library/Python/3.9/lib/python/site-packages/telebot/__init__.py", line 660, in get_updates
    json_updates = apihelper.get_updates(
  File "/Users/manun/Library/Python/3.9/lib/python/site-packages/telebot/apihelper.py", line 339, in get_updates
    return _make_request(token, method_url, params=payload)
  File "/Users/manun/Library/Python/3.9/lib/python/site-packages/telebot/apihelper.py", line 168, in _make_request
    json_result = _check_result(method_name, result)
  File "/Users/manun/Library/Python/3.9/lib/python/site-packages/telebot/apihelper.py", line 197, in _check_result
    raise ApiTelegramException(method_name, result, result_json)
telebot.apihelper.ApiTelegramException: A request to the Telegram API was unsuccessful. Error code: 409. Description: Conflict: terminated by other getUpdates request; make sure that only one bot instance is running
"
2026-04-15 00:56:30,090 - ERROR - Exception traceback:
Traceback (most recent call last):
  File "/Users/manun/Library/Python/3.9/lib/python/site-packages/telebot/__init__.py", line 1234, in __threaded_polling
    polling_thread.raise_exceptions()
  File "/Users/manun/Library/Python/3.9/lib/python/site-packages/telebot/util.py", line 115, in raise_exceptions
    raise self.exception_info
  File "/Users/manun/Library/Python/3.9/lib/python/site-packages/telebot/util.py", line 97, in run
    task(*args, **kwargs)
  File "/Users/manun/Library/Python/3.9/lib/python/site-packages/telebot/__init__.py", line 688, in __retrieve_updates
    updates = self.get_updates(offset=(self.last_update_id + 1),
  File "/Users/manun/Library/Python/3.9/lib/python/site-packages/telebot/__init__.py", line 660, in get_updates
    json_updates = apihelper.get_updates(
  File "/Users/manun/Library/Python/3.9/lib/python/site-packages/telebot/apihelper.py", line 339, in get_updates
    return _make_request(token, method_url, params=payload)
  File "/Users/manun/Library/Python/3.9/lib/python/site-packages/telebot/apihelper.py", line 168, in _make_request
    json_result = _check_result(method_name, result)
  File "/Users/manun/Library/Python/3.9/lib/python/site-packages/telebot/apihelper.py", line 197, in _check_result
    raise ApiTelegramException(method_name, result, result_json)
telebot.apihelper.ApiTelegramException: A request to the Telegram API was unsuccessful. Error code: 409. Description: Conflict: terminated by other getUpdates request; make sure that only one bot instance is running

2026-04-15 00:56:35,236 (__init__.py:1241 MainThread) ERROR - TeleBot: "Threaded polling exception: A request to the Telegram API was unsuccessful. Error code: 409. Description: Conflict: terminated by other getUpdates request; make sure that only one bot instance is running"
2026-04-15 00:56:35,236 - ERROR - Threaded polling exception: A request to the Telegram API was unsuccessful. Error code: 409. Description: Conflict: terminated by other getUpdates request; make sure that only one bot instance is running
2026-04-15 00:56:35,237 (__init__.py:1243 MainThread) ERROR - TeleBot: "Exception traceback:
Traceback (most recent call last):
  File "/Users/manun/Library/Python/3.9/lib/python/site-packages/telebot/__init__.py", line 1234, in __threaded_polling
    polling_thread.raise_exceptions()
  File "/Users/manun/Library/Python/3.9/lib/python/site-packages/telebot/util.py", line 115, in raise_exceptions
    raise self.exception_info
  File "/Users/manun/Library/Python/3.9/lib/python/site-packages/telebot/util.py", line 97, in run
    task(*args, **kwargs)
  File "/Users/manun/Library/Python/3.9/lib/python/site-packages/telebot/__init__.py", line 688, in __retrieve_updates
    updates = self.get_updates(offset=(self.last_update_id + 1),
  File "/Users/manun/Library/Python/3.9/lib/python/site-packages/telebot/__init__.py", line 660, in get_updates
    json_updates = apihelper.get_updates(
  File "/Users/manun/Library/Python/3.9/lib/python/site-packages/telebot/apihelper.py", line 339, in get_updates
    return _make_request(token, method_url, params=payload)
  File "/Users/manun/Library/Python/3.9/lib/python/site-packages/telebot/apihelper.py", line 168, in _make_request
    json_result = _check_result(method_name, result)
  File "/Users/manun/Library/Python/3.9/lib/python/site-packages/telebot/apihelper.py", line 197, in _check_result
    raise ApiTelegramException(method_name, result, result_json)
telebot.apihelper.ApiTelegramException: A request to the Telegram API was unsuccessful. Error code: 409. Description: Conflict: terminated by other getUpdates request; make sure that only one bot instance is running
"
2026-04-15 00:56:35,237 - ERROR - Exception traceback:
Traceback (most recent call last):
  File "/Users/manun/Library/Python/3.9/lib/python/site-packages/telebot/__init__.py", line 1234, in __threaded_polling
    polling_thread.raise_exceptions()
  File "/Users/manun/Library/Python/3.9/lib/python/site-packages/telebot/util.py", line 115, in raise_exceptions
    raise self.exception_info
  File "/Users/manun/Library/Python/3.9/lib/python/site-packages/telebot/util.py", line 97, in run
    task(*args, **kwargs)
  File "/Users/manun/Library/Python/3.9/lib/python/site-packages/telebot/__init__.py", line 688, in __retrieve_updates
    updates = self.get_updates(offset=(self.last_update_id + 1),
  File "/Users/manun/Library/Python/3.9/lib/python/site-packages/telebot/__init__.py", line 660, in get_updates
    json_updates = apihelper.get_updates(
  File "/Users/manun/Library/Python/3.9/lib/python/site-packages/telebot/apihelper.py", line 339, in get_updates
    return _make_request(token, method_url, params=payload)
  File "/Users/manun/Library/Python/3.9/lib/python/site-packages/telebot/apihelper.py", line 168, in _make_request
    json_result = _check_result(method_name, result)
  File "/Users/manun/Library/Python/3.9/lib/python/site-packages/telebot/apihelper.py", line 197, in _check_result
    raise ApiTelegramException(method_name, result, result_json)
telebot.apihelper.ApiTelegramException: A request to the Telegram API was unsuccessful. Error code: 409. Description: Conflict: terminated by other getUpdates request; make sure that only one bot instance is running

2026-04-15 00:56:42,394 (__init__.py:1241 MainThread) ERROR - TeleBot: "Threaded polling exception: A request to the Telegram API was unsuccessful. Error code: 409. Description: Conflict: terminated by other getUpdates request; make sure that only one bot instance is running"
2026-04-15 00:56:42,394 - ERROR - Threaded polling exception: A request to the Telegram API was unsuccessful. Error code: 409. Description: Conflict: terminated by other getUpdates request; make sure that only one bot instance is running
2026-04-15 00:56:42,395 (__init__.py:1243 MainThread) ERROR - TeleBot: "Exception traceback:
Traceback (most recent call last):
  File "/Users/manun/Library/Python/3.9/lib/python/site-packages/telebot/__init__.py", line 1234, in __threaded_polling
    polling_thread.raise_exceptions()
  File "/Users/manun/Library/Python/3.9/lib/python/site-packages/telebot/util.py", line 115, in raise_exceptions
    raise self.exception_info
  File "/Users/manun/Library/Python/3.9/lib/python/site-packages/telebot/util.py", line 97, in run
    task(*args, **kwargs)
  File "/Users/manun/Library/Python/3.9/lib/python/site-packages/telebot/__init__.py", line 688, in __retrieve_updates
    updates = self.get_updates(offset=(self.last_update_id + 1),
  File "/Users/manun/Library/Python/3.9/lib/python/site-packages/telebot/__init__.py", line 660, in get_updates
    json_updates = apihelper.get_updates(
  File "/Users/manun/Library/Python/3.9/lib/python/site-packages/telebot/apihelper.py", line 339, in get_updates
    return _make_request(token, method_url, params=payload)
  File "/Users/manun/Library/Python/3.9/lib/python/site-packages/telebot/apihelper.py", line 168, in _make_request
    json_result = _check_result(method_name, result)
  File "/Users/manun/Library/Python/3.9/lib/python/site-packages/telebot/apihelper.py", line 197, in _check_result
    raise ApiTelegramException(method_name, result, result_json)
telebot.apihelper.ApiTelegramException: A request to the Telegram API was unsuccessful. Error code: 409. Description: Conflict: terminated by other getUpdates request; make sure that only one bot instance is running
"
2026-04-15 00:56:42,395 - ERROR - Exception traceback:
Traceback (most recent call last):
  File "/Users/manun/Library/Python/3.9/lib/python/site-packages/telebot/__init__.py", line 1234, in __threaded_polling
    polling_thread.raise_exceptions()
  File "/Users/manun/Library/Python/3.9/lib/python/site-packages/telebot/util.py", line 115, in raise_exceptions
    raise self.exception_info
  File "/Users/manun/Library/Python/3.9/lib/python/site-packages/telebot/util.py", line 97, in run
    task(*args, **kwargs)
  File "/Users/manun/Library/Python/3.9/lib/python/site-packages/telebot/__init__.py", line 688, in __retrieve_updates
    updates = self.get_updates(offset=(self.last_update_id + 1),
  File "/Users/manun/Library/Python/3.9/lib/python/site-packages/telebot/__init__.py", line 660, in get_updates
    json_updates = apihelper.get_updates(
  File "/Users/manun/Library/Python/3.9/lib/python/site-packages/telebot/apihelper.py", line 339, in get_updates
    return _make_request(token, method_url, params=payload)
  File "/Users/manun/Library/Python/3.9/lib/python/site-packages/telebot/apihelper.py", line 168, in _make_request
    json_result = _check_result(method_name, result)
  File "/Users/manun/Library/Python/3.9/lib/python/site-packages/telebot/apihelper.py", line 197, in _check_result
    raise ApiTelegramException(method_name, result, result_json)
telebot.apihelper.ApiTelegramException: A request to the Telegram API was unsuccessful. Error code: 409. Description: Conflict: terminated by other getUpdates request; make sure that only one bot instance is running

2026-04-15 00:56:50,554 (__init__.py:1241 MainThread) ERROR - TeleBot: "Threaded polling exception: A request to the Telegram API was unsuccessful. Error code: 409. Description: Conflict: terminated by other getUpdates request; make sure that only one bot instance is running"
2026-04-15 00:56:50,554 - ERROR - Threaded polling exception: A request to the Telegram API was unsuccessful. Error code: 409. Description: Conflict: terminated by other getUpdates request; make sure that only one bot instance is running
2026-04-15 00:56:50,555 (__init__.py:1243 MainThread) ERROR - TeleBot: "Exception traceback:
Traceback (most recent call last):
  File "/Users/manun/Library/Python/3.9/lib/python/site-packages/telebot/__init__.py", line 1234, in __threaded_polling
    polling_thread.raise_exceptions()
  File "/Users/manun/Library/Python/3.9/lib/python/site-packages/telebot/util.py", line 115, in raise_exceptions
    raise self.exception_info
  File "/Users/manun/Library/Python/3.9/lib/python/site-packages/telebot/util.py", line 97, in run
    task(*args, **kwargs)
  File "/Users/manun/Library/Python/3.9/lib/python/site-packages/telebot/__init__.py", line 688, in __retrieve_updates
    updates = self.get_updates(offset=(self.last_update_id + 1),
  File "/Users/manun/Library/Python/3.9/lib/python/site-packages/telebot/__init__.py", line 660, in get_updates
    json_updates = apihelper.get_updates(
  File "/Users/manun/Library/Python/3.9/lib/python/site-packages/telebot/apihelper.py", line 339, in get_updates
    return _make_request(token, method_url, params=payload)
  File "/Users/manun/Library/Python/3.9/lib/python/site-packages/telebot/apihelper.py", line 168, in _make_request
    json_result = _check_result(method_name, result)
  File "/Users/manun/Library/Python/3.9/lib/python/site-packages/telebot/apihelper.py", line 197, in _check_result
    raise ApiTelegramException(method_name, result, result_json)
telebot.apihelper.ApiTelegramException: A request to the Telegram API was unsuccessful. Error code: 409. Description: Conflict: terminated by other getUpdates request; make sure that only one bot instance is running
"
2026-04-15 00:56:50,555 - ERROR - Exception traceback:
Traceback (most recent call last):
  File "/Users/manun/Library/Python/3.9/lib/python/site-packages/telebot/__init__.py", line 1234, in __threaded_polling
    polling_thread.raise_exceptions()
  File "/Users/manun/Library/Python/3.9/lib/python/site-packages/telebot/util.py", line 115, in raise_exceptions
    raise self.exception_info
  File "/Users/manun/Library/Python/3.9/lib/python/site-packages/telebot/util.py", line 97, in run
    task(*args, **kwargs)
  File "/Users/manun/Library/Python/3.9/lib/python/site-packages/telebot/__init__.py", line 688, in __retrieve_updates
    updates = self.get_updates(offset=(self.last_update_id + 1),
  File "/Users/manun/Library/Python/3.9/lib/python/site-packages/telebot/__init__.py", line 660, in get_updates
    json_updates = apihelper.get_updates(
  File "/Users/manun/Library/Python/3.9/lib/python/site-packages/telebot/apihelper.py", line 339, in get_updates
    return _make_request(token, method_url, params=payload)
  File "/Users/manun/Library/Python/3.9/lib/python/site-packages/telebot/apihelper.py", line 168, in _make_request
    json_result = _check_result(method_name, result)
  File "/Users/manun/Library/Python/3.9/lib/python/site-packages/telebot/apihelper.py", line 197, in _check_result
    raise ApiTelegramException(method_name, result, result_json)
telebot.apihelper.ApiTelegramException: A request to the Telegram API was unsuccessful. Error code: 409. Description: Conflict: terminated by other getUpdates request; make sure that only one bot instance is running

2026-04-15 00:57:06,704 (__init__.py:1241 MainThread) ERROR - TeleBot: "Threaded polling exception: A request to the Telegram API was unsuccessful. Error code: 409. Description: Conflict: terminated by other getUpdates request; make sure that only one bot instance is running"
2026-04-15 00:57:06,704 - ERROR - Threaded polling exception: A request to the Telegram API was unsuccessful. Error code: 409. Description: Conflict: terminated by other getUpdates request; make sure that only one bot instance is running
2026-04-15 00:57:06,704 (__init__.py:1243 MainThread) ERROR - TeleBot: "Exception traceback:
Traceback (most recent call last):
  File "/Users/manun/Library/Python/3.9/lib/python/site-packages/telebot/__init__.py", line 1234, in __threaded_polling
    polling_thread.raise_exceptions()
  File "/Users/manun/Library/Python/3.9/lib/python/site-packages/telebot/util.py", line 115, in raise_exceptions
    raise self.exception_info
  File "/Users/manun/Library/Python/3.9/lib/python/site-packages/telebot/util.py", line 97, in run
    task(*args, **kwargs)
  File "/Users/manun/Library/Python/3.9/lib/python/site-packages/telebot/__init__.py", line 688, in __retrieve_updates
    updates = self.get_updates(offset=(self.last_update_id + 1),
  File "/Users/manun/Library/Python/3.9/lib/python/site-packages/telebot/__init__.py", line 660, in get_updates
    json_updates = apihelper.get_updates(
  File "/Users/manun/Library/Python/3.9/lib/python/site-packages/telebot/apihelper.py", line 339, in get_updates
    return _make_request(token, method_url, params=payload)
  File "/Users/manun/Library/Python/3.9/lib/python/site-packages/telebot/apihelper.py", line 168, in _make_request
    json_result = _check_result(method_name, result)
  File "/Users/manun/Library/Python/3.9/lib/python/site-packages/telebot/apihelper.py", line 197, in _check_result
    raise ApiTelegramException(method_name, result, result_json)
telebot.apihelper.ApiTelegramException: A request to the Telegram API was unsuccessful. Error code: 409. Description: Conflict: terminated by other getUpdates request; make sure that only one bot instance is running
"
2026-04-15 00:57:06,704 - ERROR - Exception traceback:
Traceback (most recent call last):
  File "/Users/manun/Library/Python/3.9/lib/python/site-packages/telebot/__init__.py", line 1234, in __threaded_polling
    polling_thread.raise_exceptions()
  File "/Users/manun/Library/Python/3.9/lib/python/site-packages/telebot/util.py", line 115, in raise_exceptions
    raise self.exception_info
  File "/Users/manun/Library/Python/3.9/lib/python/site-packages/telebot/util.py", line 97, in run
    task(*args, **kwargs)
  File "/Users/manun/Library/Python/3.9/lib/python/site-packages/telebot/__init__.py", line 688, in __retrieve_updates
    updates = self.get_updates(offset=(self.last_update_id + 1),
  File "/Users/manun/Library/Python/3.9/lib/python/site-packages/telebot/__init__.py", line 660, in get_updates
    json_updates = apihelper.get_updates(
  File "/Users/manun/Library/Python/3.9/lib/python/site-packages/telebot/apihelper.py", line 339, in get_updates
    return _make_request(token, method_url, params=payload)
  File "/Users/manun/Library/Python/3.9/lib/python/site-packages/telebot/apihelper.py", line 168, in _make_request
    json_result = _check_result(method_name, result)
  File "/Users/manun/Library/Python/3.9/lib/python/site-packages/telebot/apihelper.py", line 197, in _check_result
    raise ApiTelegramException(method_name, result, result_json)
telebot.apihelper.ApiTelegramException: A request to the Telegram API was unsuccessful. Error code: 409. Description: Conflict: terminated by other getUpdates request; make sure that only one bot instance is running

2026-04-15 00:57:38,903 (__init__.py:1241 MainThread) ERROR - TeleBot: "Threaded polling exception: A request to the Telegram API was unsuccessful. Error code: 409. Description: Conflict: terminated by other getUpdates request; make sure that only one bot instance is running"
2026-04-15 00:57:38,903 - ERROR - Threaded polling exception: A request to the Telegram API was unsuccessful. Error code: 409. Description: Conflict: terminated by other getUpdates request; make sure that only one bot instance is running
2026-04-15 00:57:38,903 (__init__.py:1243 MainThread) ERROR - TeleBot: "Exception traceback:
Traceback (most recent call last):
  File "/Users/manun/Library/Python/3.9/lib/python/site-packages/telebot/__init__.py", line 1234, in __threaded_polling
    polling_thread.raise_exceptions()
  File "/Users/manun/Library/Python/3.9/lib/python/site-packages/telebot/util.py", line 115, in raise_exceptions
    raise self.exception_info
  File "/Users/manun/Library/Python/3.9/lib/python/site-packages/telebot/util.py", line 97, in run
    task(*args, **kwargs)
  File "/Users/manun/Library/Python/3.9/lib/python/site-packages/telebot/__init__.py", line 688, in __retrieve_updates
    updates = self.get_updates(offset=(self.last_update_id + 1),
  File "/Users/manun/Library/Python/3.9/lib/python/site-packages/telebot/__init__.py", line 660, in get_updates
    json_updates = apihelper.get_updates(
  File "/Users/manun/Library/Python/3.9/lib/python/site-packages/telebot/apihelper.py", line 339, in get_updates
    return _make_request(token, method_url, params=payload)
  File "/Users/manun/Library/Python/3.9/lib/python/site-packages/telebot/apihelper.py", line 168, in _make_request
    json_result = _check_result(method_name, result)
  File "/Users/manun/Library/Python/3.9/lib/python/site-packages/telebot/apihelper.py", line 197, in _check_result
    raise ApiTelegramException(method_name, result, result_json)
telebot.apihelper.ApiTelegramException: A request to the Telegram API was unsuccessful. Error code: 409. Description: Conflict: terminated by other getUpdates request; make sure that only one bot instance is running
"
2026-04-15 00:57:38,903 - ERROR - Exception traceback:
Traceback (most recent call last):
  File "/Users/manun/Library/Python/3.9/lib/python/site-packages/telebot/__init__.py", line 1234, in __threaded_polling
    polling_thread.raise_exceptions()
  File "/Users/manun/Library/Python/3.9/lib/python/site-packages/telebot/util.py", line 115, in raise_exceptions
    raise self.exception_info
  File "/Users/manun/Library/Python/3.9/lib/python/site-packages/telebot/util.py", line 97, in run
    task(*args, **kwargs)
  File "/Users/manun/Library/Python/3.9/lib/python/site-packages/telebot/__init__.py", line 688, in __retrieve_updates
    updates = self.get_updates(offset=(self.last_update_id + 1),
  File "/Users/manun/Library/Python/3.9/lib/python/site-packages/telebot/__init__.py", line 660, in get_updates
    json_updates = apihelper.get_updates(
  File "/Users/manun/Library/Python/3.9/lib/python/site-packages/telebot/apihelper.py", line 339, in get_updates
    return _make_request(token, method_url, params=payload)
  File "/Users/manun/Library/Python/3.9/lib/python/site-packages/telebot/apihelper.py", line 168, in _make_request
    json_result = _check_result(method_name, result)
  File "/Users/manun/Library/Python/3.9/lib/python/site-packages/telebot/apihelper.py", line 197, in _check_result
    raise ApiTelegramException(method_name, result, result_json)
telebot.apihelper.ApiTelegramException: A request to the Telegram API was unsuccessful. Error code: 409. Description: Conflict: terminated by other getUpdates request; make sure that only one bot instance is running

2026-04-15 00:58:14,331 (__init__.py:1241 MainThread) ERROR - TeleBot: "Threaded polling exception: A request to the Telegram API was unsuccessful. Error code: 409. Description: Conflict: terminated by other getUpdates request; make sure that only one bot instance is running"
2026-04-15 00:58:14,331 - ERROR - Threaded polling exception: A request to the Telegram API was unsuccessful. Error code: 409. Description: Conflict: terminated by other getUpdates request; make sure that only one bot instance is running
2026-04-15 00:58:14,332 (__init__.py:1243 MainThread) ERROR - TeleBot: "Exception traceback:
Traceback (most recent call last):
  File "/Users/manun/Library/Python/3.9/lib/python/site-packages/telebot/__init__.py", line 1234, in __threaded_polling
    polling_thread.raise_exceptions()
  File "/Users/manun/Library/Python/3.9/lib/python/site-packages/telebot/util.py", line 115, in raise_exceptions
    raise self.exception_info
  File "/Users/manun/Library/Python/3.9/lib/python/site-packages/telebot/util.py", line 97, in run
    task(*args, **kwargs)
  File "/Users/manun/Library/Python/3.9/lib/python/site-packages/telebot/__init__.py", line 688, in __retrieve_updates
    updates = self.get_updates(offset=(self.last_update_id + 1),
  File "/Users/manun/Library/Python/3.9/lib/python/site-packages/telebot/__init__.py", line 660, in get_updates
    json_updates = apihelper.get_updates(
  File "/Users/manun/Library/Python/3.9/lib/python/site-packages/telebot/apihelper.py", line 339, in get_updates
    return _make_request(token, method_url, params=payload)
  File "/Users/manun/Library/Python/3.9/lib/python/site-packages/telebot/apihelper.py", line 168, in _make_request
    json_result = _check_result(method_name, result)
  File "/Users/manun/Library/Python/3.9/lib/python/site-packages/telebot/apihelper.py", line 197, in _check_result
    raise ApiTelegramException(method_name, result, result_json)
telebot.apihelper.ApiTelegramException: A request to the Telegram API was unsuccessful. Error code: 409. Description: Conflict: terminated by other getUpdates request; make sure that only one bot instance is running
"
2026-04-15 00:58:14,332 - ERROR - Exception traceback:
Traceback (most recent call last):
  File "/Users/manun/Library/Python/3.9/lib/python/site-packages/telebot/__init__.py", line 1234, in __threaded_polling
    polling_thread.raise_exceptions()
  File "/Users/manun/Library/Python/3.9/lib/python/site-packages/telebot/util.py", line 115, in raise_exceptions
    raise self.exception_info
  File "/Users/manun/Library/Python/3.9/lib/python/site-packages/telebot/util.py", line 97, in run
    task(*args, **kwargs)
  File "/Users/manun/Library/Python/3.9/lib/python/site-packages/telebot/__init__.py", line 688, in __retrieve_updates
    updates = self.get_updates(offset=(self.last_update_id + 1),
  File "/Users/manun/Library/Python/3.9/lib/python/site-packages/telebot/__init__.py", line 660, in get_updates
    json_updates = apihelper.get_updates(
  File "/Users/manun/Library/Python/3.9/lib/python/site-packages/telebot/apihelper.py", line 339, in get_updates
    return _make_request(token, method_url, params=payload)
  File "/Users/manun/Library/Python/3.9/lib/python/site-packages/telebot/apihelper.py", line 168, in _make_request
    json_result = _check_result(method_name, result)
  File "/Users/manun/Library/Python/3.9/lib/python/site-packages/telebot/apihelper.py", line 197, in _check_result
    raise ApiTelegramException(method_name, result, result_json)
telebot.apihelper.ApiTelegramException: A request to the Telegram API was unsuccessful. Error code: 409. Description: Conflict: terminated by other getUpdates request; make sure that only one bot instance is running

