/Users/manun/Library/Python/3.9/lib/python/site-packages/urllib3/__init__.py:35: NotOpenSSLWarning: urllib3 v2 only supports OpenSSL 1.1.1+, currently the 'ssl' module is compiled with 'LibreSSL 2.8.3'. See: https://github.com/urllib3/urllib3/issues/3020
  warnings.warn(
2026-04-15 00:29:21,376 - INFO - RKN Monitor Thread started...
2026-04-16 00:31:42,304 - ERROR - Error checking https://freenet.monster (VPN: False): HTTPSConnectionPool(host='freenet.monster', port=443): Read timed out. (read timeout=3.5)
2026-04-16 00:31:42,640 - WARNING - RKN BLOCK DETECTED!
2026-04-16 00:41:43,090 - INFO - RKN BLOCK CLEARED.
2026-04-16 07:03:47,182 - ERROR - Error checking https://freenet.monster (VPN: False): HTTPSConnectionPool(host='freenet.monster', port=443): Read timed out. (read timeout=3.5)
2026-04-16 07:03:47,548 - WARNING - RKN BLOCK DETECTED!
2026-04-16 07:13:48,050 - INFO - RKN BLOCK CLEARED.
2026-04-16 08:32:03,955 - ERROR - Error checking https://freenet.monster (VPN: False): HTTPSConnectionPool(host='freenet.monster', port=443): Read timed out. (read timeout=3.5)
2026-04-16 08:32:04,289 - WARNING - RKN BLOCK DETECTED!
2026-04-16 08:42:04,770 - INFO - RKN BLOCK CLEARED.
2026-04-16 22:40:34,859 - ERROR - Error checking https://freenet.monster (VPN: False): HTTPSConnectionPool(host='freenet.monster', port=443): Read timed out. (read timeout=3.5)
2026-04-16 22:40:35,185 - WARNING - RKN BLOCK DETECTED!
2026-04-16 22:50:35,635 - INFO - RKN BLOCK CLEARED.
2026-04-17 04:40:48,602 - ERROR - Error checking https://freenet.monster (VPN: False): ('Connection aborted.', ConnectionResetError(54, 'Connection reset by peer'))
2026-04-17 04:40:48,905 - WARNING - RKN BLOCK DETECTED!
2026-04-17 04:50:49,362 - INFO - RKN BLOCK CLEARED.
2026-04-17 08:36:44,852 - ERROR - Error checking https://freenet.monster (VPN: False): HTTPSConnectionPool(host='freenet.monster', port=443): Read timed out. (read timeout=3.5)
2026-04-17 08:36:45,154 - WARNING - RKN BLOCK DETECTED!
2026-04-17 13:19:27,479 - ERROR - Error in RKN Monitor: HTTPSConnectionPool(host='api.telegram.org', port=443): Read timed out. (read timeout=10)
2026-04-17 13:29:28,154 - INFO - RKN BLOCK CLEARED.
2026-04-18 23:54:52,679 - ERROR - Error checking https://freenet.monster (VPN: False): HTTPSConnectionPool(host='freenet.monster', port=443): Read timed out. (read timeout=3.5)
2026-04-18 23:54:53,000 - WARNING - RKN BLOCK DETECTED!
2026-04-19 00:42:40,238 - ERROR - Error in RKN Monitor: HTTPSConnectionPool(host='api.telegram.org', port=443): Read timed out. (read timeout=10)
2026-04-19 00:52:40,938 - INFO - RKN BLOCK CLEARED.
2026-04-19 04:20:15,020 - ERROR - Error checking https://freenet.monster (VPN: False): HTTPSConnectionPool(host='freenet.monster', port=443): Read timed out. (read timeout=3.5)
2026-04-19 04:20:15,353 - WARNING - RKN BLOCK DETECTED!
2026-04-19 04:30:15,792 - INFO - RKN BLOCK CLEARED.
2026-04-19 06:05:30,185 - ERROR - Error checking https://freenet.monster (VPN: False): HTTPSConnectionPool(host='freenet.monster', port=443): Read timed out. (read timeout=3.5)
2026-04-19 06:05:30,519 - WARNING - RKN BLOCK DETECTED!
2026-04-19 06:15:31,036 - INFO - RKN BLOCK CLEARED.
2026-04-19 07:49:09,339 - ERROR - Error checking https://freenet.monster (VPN: False): HTTPSConnectionPool(host='freenet.monster', port=443): Read timed out. (read timeout=3.5)
2026-04-19 07:49:09,663 - WARNING - RKN BLOCK DETECTED!
2026-04-19 07:59:10,164 - INFO - RKN BLOCK CLEARED.
2026-04-19 09:04:17,730 - ERROR - Error checking https://freenet.monster (VPN: False): HTTPSConnectionPool(host='freenet.monster', port=443): Read timed out. (read timeout=3.5)
2026-04-19 09:04:18,069 - WARNING - RKN BLOCK DETECTED!
2026-04-19 09:14:18,548 - INFO - RKN BLOCK CLEARED.
2026-04-19 11:16:51,844 - ERROR - Error checking https://freenet.monster (VPN: False): HTTPSConnectionPool(host='freenet.monster', port=443): Read timed out. (read timeout=3.5)
2026-04-19 11:16:52,167 - WARNING - RKN BLOCK DETECTED!
2026-04-19 11:26:52,643 - INFO - RKN BLOCK CLEARED.
2026-04-20 05:35:44,533 - ERROR - Error checking https://freenet.monster (VPN: False): HTTPSConnectionPool(host='freenet.monster', port=443): Read timed out. (read timeout=3.5)
2026-04-20 05:53:34,600 - ERROR - Error in RKN Monitor: ('Connection aborted.', TimeoutError(60, 'Operation timed out'))
2026-04-20 23:48:14,832 - ERROR - Error checking https://freenet.monster (VPN: False): HTTPSConnectionPool(host='freenet.monster', port=443): Read timed out. (read timeout=3.5)
2026-04-20 23:48:15,167 - WARNING - RKN BLOCK DETECTED!
2026-04-20 23:58:17,431 - INFO - RKN BLOCK CLEARED.
2026-04-21 15:44:14,919 - ERROR - Error checking https://freenet.monster (VPN: False): HTTPSConnectionPool(host='freenet.monster', port=443): Read timed out. (read timeout=3.5)
2026-04-21 15:44:15,277 - WARNING - RKN BLOCK DETECTED!
2026-04-21 18:13:44,689 - ERROR - Error in RKN Monitor: HTTPSConnectionPool(host='api.telegram.org', port=443): Read timed out. (read timeout=10)
2026-04-21 18:23:45,571 - INFO - RKN BLOCK CLEARED.
2026-04-22 03:35:48,379 - ERROR - Error checking https://freenet.monster (VPN: False): HTTPSConnectionPool(host='freenet.monster', port=443): Read timed out. (read timeout=3.5)
2026-04-22 03:35:49,195 - WARNING - RKN BLOCK DETECTED!
2026-04-22 04:34:09,602 - INFO - RKN BLOCK CLEARED.
2026-04-22 05:17:12,128 - ERROR - Error checking https://freenet.monster (VPN: False): HTTPSConnectionPool(host='freenet.monster', port=443): Read timed out. (read timeout=3.5)
2026-04-22 05:17:22,155 - ERROR - Error in RKN Monitor: HTTPSConnectionPool(host='api.telegram.org', port=443): Read timed out. (read timeout=10)
2026-04-22 06:56:33,494 - ERROR - Error checking https://freenet.monster (VPN: False): HTTPSConnectionPool(host='freenet.monster', port=443): Read timed out. (read timeout=3.5)
2026-04-22 06:56:35,531 - WARNING - RKN BLOCK DETECTED!
2026-04-22 07:06:36,011 - INFO - RKN BLOCK CLEARED.
2026-04-22 08:24:27,179 - ERROR - Error checking https://freenet.monster (VPN: False): HTTPSConnectionPool(host='freenet.monster', port=443): Read timed out. (read timeout=3.5)
2026-04-22 08:24:27,538 - WARNING - RKN BLOCK DETECTED!
2026-04-22 08:34:28,046 - INFO - RKN BLOCK CLEARED.
2026-04-22 13:06:12,808 - ERROR - Error checking https://freenet.monster (VPN: False): HTTPSConnectionPool(host='freenet.monster', port=443): Read timed out. (read timeout=3.5)
2026-04-22 13:06:13,159 - WARNING - RKN BLOCK DETECTED!
2026-04-22 13:16:13,616 - INFO - RKN BLOCK CLEARED.
2026-04-22 14:26:20,081 - ERROR - Error checking https://freenet.monster (VPN: False): HTTPSConnectionPool(host='freenet.monster', port=443): Max retries exceeded with url: / (Caused by SSLError(SSLEOFError(8, 'EOF occurred in violation of protocol (_ssl.c:1129)')))
2026-04-22 14:26:23,366 - ERROR - Error in RKN Monitor: HTTPSConnectionPool(host='api.telegram.org', port=443): Max retries exceeded with url: /bot8516762550:AAHcq9hVrsgPRQIe9vUQ6uUXi4GOyOQB-cQ/sendMessage (Caused by SSLError(SSLEOFError(8, 'EOF occurred in violation of protocol (_ssl.c:1129)')))
2026-04-22 14:36:26,901 - ERROR - Error checking https://freenet.monster (VPN: False): HTTPSConnectionPool(host='freenet.monster', port=443): Read timed out. (read timeout=3.5)
2026-04-22 14:36:36,922 - ERROR - Error in RKN Monitor: HTTPSConnectionPool(host='api.telegram.org', port=443): Read timed out. (read timeout=10)
127.0.0.1 - - [22/Apr/2026 15:14:48] "GET /api/status HTTP/1.1" 404 -
